[info] welcome to sbt 1.10.1 (Homebrew Java 21.0.10)
[info] loading project definition from /Users/ovak/Documents/dev/METU-CENG/CENG790/BigDataHW1/project
[info] loading settings for project root from build.sbt ...
[info] set current project to BigDataHW1 (in build file:/Users/ovak/Documents/dev/METU-CENG/CENG790/BigDataHW1/)
[info] compiling 4 Scala sources and 1 Java source to /Users/ovak/Documents/dev/METU-CENG/CENG790/BigDataHW1/target/scala-2.12/classes ...
[info] Annotation processing is enabled because one or more processors were found
[info]   on the class path. A future release of javac may disable annotation processing
[info]   unless at least one processor is specified by name (-processor), or a search
[info]   path is specified (--processor-path, --processor-module-path), or annotation
[info]   processing is enabled explicitly (-proc:only, -proc:full).
[info]   Use -Xlint:-options to suppress this message.
[info]   Use -proc:none to disable annotation processing.
[info] done compiling
[info] running edu.metu.ceng790.hw1.Part2 

============================================================
Question 1 - First 10 lines from RDD[String] and total count
============================================================
5610122230	54345792@N00	higginskurt	2011-04-11 10:20:13.0	1302531613		SROTAROX	%3Ca+href%3D%22http%3A%2F%2Fwww.serotta.com%2F%22+rel%3D%22nofollow%22%3ESerrota%3C%2Fa%3E+Rocks%21+Great+plate%2C+mystery+driver+%3A%29			-1.0	-1.0	16	http://www.flickr.com/photos/54345792@N00/5610122230/	http://farm6.staticflickr.com/5263/5610122230_fd145ac94b.jpg	Attribution-NonCommercial-ShareAlike License	http://creativecommons.org/licenses/by-nc-sa/2.0/	5263	6	fd145ac94b	83ae88a5e1	jpg	0
5223747995	54345792@N00	higginskurt	2010-12-01 12:58:33.0	1291226313		Titan	I+won+this+one...+albeit+using+abbreviated-limit+of+one+hour-Risk-type-battle+rules.			-1.0	-1.0	16	http://www.flickr.com/photos/54345792@N00/5223747995/	http://farm6.staticflickr.com/5204/5223747995_cdd153b83f.jpg	Attribution-NonCommercial-ShareAlike License	http://creativecommons.org/licenses/by-nc-sa/2.0/	5204	6	cdd153b83f	56acb0c92a	jpg	0
5592678175	54345792@N00	higginskurt	2011-04-05 15:51:03.0	1302033063		Jenny+snoozing+on+the+ride				-1.0	-1.0	16	http://www.flickr.com/photos/54345792@N00/5592678175/	http://farm6.staticflickr.com/5190/5592678175_98e73f50d7.jpg	Attribution-NonCommercial-ShareAlike License	http://creativecommons.org/licenses/by-nc-sa/2.0/	5190	6	98e73f50d7	ef2c0376cc	jpg	0
8807058226	34427466499@N01	Padre+Denny	2013-05-23 16:32:53.0	1369344773						-1.0	-1.0	16	http://www.flickr.com/photos/34427466499@N01/8807058226/	http://farm4.staticflickr.com/3791/8807058226_7fd8d43ea4.jpg	Attribution-NonCommercial License	http://creativecommons.org/licenses/by-nc/2.0/	3791	4	7fd8d43ea4	e028261a90	jpg	0
2860980452	23516515@N07	50mm-traveller	2008-06-19 12:25:30.0	1221513976	FUJIFILM+FinePix+F30	leaves+in+motion	leaves+in+motion	gallery2flickr		-0.02592	-0.036392	12	http://www.flickr.com/photos/23516515@N07/2860980452/	http://farm4.staticflickr.com/3258/2860980452_c569fb4104.jpg	Attribution-NonCommercial-NoDerivs License	http://creativecommons.org/licenses/by-nc-nd/2.0/	3258	4	c569fb4104	02c3b039dc	jpg	0
6928499157	21092816@N00	slimninja	2012-02-25 09:08:12.0	1330182492						-1.0	-1.0	16	http://www.flickr.com/photos/21092816@N00/6928499157/	http://farm8.staticflickr.com/7193/6928499157_9e06726e39.jpg	Attribution-NonCommercial-ShareAlike License	http://creativecommons.org/licenses/by-nc-sa/2.0/	7193	8	9e06726e39	d2333b3193	jpg	0
5674323056	66338859@N00	Pati-G+%5BPati+Gaitan%5D	2011-04-30 21:25:16.0	1304213116		Rose+Park+Spring+Celebration+2011	Face+painting+by%3A%0ASherri+LaReayx%0A%0Afairysherri%40aol.com			-1.0	-1.0	16	http://www.flickr.com/photos/66338859@N00/5674323056/	http://farm6.staticflickr.com/5305/5674323056_eb359d03ac.jpg	Attribution-NonCommercial-ShareAlike License	http://creativecommons.org/licenses/by-nc-sa/2.0/	5305	6	eb359d03ac	6158a39a78	jpg	0
5734258350	11136034@N06	MDB+28	2011-05-18 12:48:45.0	1305737325			Orchids+in+the+Solarium+at+the+Cloister.			-1.0	-1.0	16	http://www.flickr.com/photos/11136034@N06/5734258350/	http://farm4.staticflickr.com/3022/5734258350_c26f09d8fd.jpg	Attribution-NonCommercial-NoDerivs License	http://creativecommons.org/licenses/by-nc-nd/2.0/	3022	4	c26f09d8fd	b73ffd8725	jpg	0
6198509952	95189931@N00	C_Harvey	2011-09-30 11:20:32.0	1317403232						-1.0	-1.0	16	http://www.flickr.com/photos/95189931@N00/6198509952/	http://farm7.staticflickr.com/6130/6198509952_1207254fb0.jpg	Attribution-NoDerivs License	http://creativecommons.org/licenses/by-nd/2.0/	6130	7	1207254fb0	3828e470f4	jpg	0
7050886391	99005287@N00	joqel	2012-04-06 17:27:00.0	1333726020						-1.0	-1.0	16	http://www.flickr.com/photos/99005287@N00/7050886391/	http://farm6.staticflickr.com/5271/7050886391_0bc8a139b0.jpg	Attribution-ShareAlike License	http://creativecommons.org/licenses/by-sa/2.0/	5271	6	0bc8a139b0	b291292554	jpg	0
Total number of elements in originalFlickrMeta: 100

============================================================
Question 2 - First 10 elements from interesting RDD[Picture]
============================================================
Picture([Ljava.lang.String;@57877e5)
Picture([Ljava.lang.String;@323aeae)
Picture([Ljava.lang.String;@7ecee6ae)
Picture([Ljava.lang.String;@4ed9acf0)
Picture([Ljava.lang.String;@8583d91)
Picture([Ljava.lang.String;@1610b4ea)
Picture([Ljava.lang.String;@1fe2db10)
Picture([Ljava.lang.String;@1cdf4a30)
Picture([Ljava.lang.String;@55a2588f)
Picture([Ljava.lang.String;@46860135)

============================================================
Question 3 - First country and its corresponding list of images
============================================================
(ML,CompactBuffer(Picture([Ljava.lang.String;@1031f334), Picture([Ljava.lang.String;@4e0d4d9a), Picture([Ljava.lang.String;@22a315fd), Picture([Ljava.lang.String;@594e1439), Picture([Ljava.lang.String;@4679e477), Picture([Ljava.lang.String;@62bc00bf), Picture([Ljava.lang.String;@588afde8), Picture([Ljava.lang.String;@714cc51c), Picture([Ljava.lang.String;@781fcd1e), Picture([Ljava.lang.String;@7a24835a), Picture([Ljava.lang.String;@754e444b), Picture([Ljava.lang.String;@623d1bdb), Picture([Ljava.lang.String;@64cc4dbf), Picture([Ljava.lang.String;@3a2c2c2f), Picture([Ljava.lang.String;@3dc74b3d), Picture([Ljava.lang.String;@372e6c9d), Picture([Ljava.lang.String;@31897e72), Picture([Ljava.lang.String;@6a1f6138), Picture([Ljava.lang.String;@6d8641e5), Picture([Ljava.lang.String;@2988924c), Picture([Ljava.lang.String;@538813e1), Picture([Ljava.lang.String;@428fbe09), Picture([Ljava.lang.String;@1dd946d4), Picture([Ljava.lang.String;@702eadd1), Picture([Ljava.lang.String;@63aabf2e), Picture([Ljava.lang.String;@5c6a3aa4), Picture([Ljava.lang.String;@b52281b), Picture([Ljava.lang.String;@e974c85)))

============================================================
Question 4 - First 10 (Country, List[Tags]) pairs
============================================================
(ML,List(yosemite, yosemite, yosemite, yosemite, yosemite, yosemite, yosemite, yosemite, canada square park, canary wharf, jiving lindy hoppers, pasadena roof orchestra, twilight delights, boat, dune, gao, mali, niger, river, sahara, sand, mali, yosemite, canada square park, canary wharf, jiving lindy hoppers, pasadena roof orchestra, twilight delights, canada square park, canary wharf, jiving lindy hoppers, pasadena roof orchestra, twilight delights, mali, canada square park, canary wharf, jiving lindy hoppers, pasadena roof orchestra, twilight delights, mali, gao, mali, man, nomad, sahara, tuareg, africa, desierto, islam, mali, mezquitas, niger, rio niger, tombuctú, viajes, africa, desierto, islam, mali, mezquitas, niger, rio niger, tombuctú, viajes, africa, desierto, islam, mali, mercado tombuctú, mezquitas, niger, rio niger, viajes, africa, desierto, islam, mali, mezquitas, niger, rio niger, tombuctú, viajes, africa, desierto, islam, mali, mezquitas, niger, rio niger, tombuctú, viajes, africa, desierto, islam, mali, mezquitas, niger, rio niger, tuaregs tombuctú, viajes, africa, desierto, islam, mali, mezquitas, niger, rio niger, tuaregs tombuctú, viajes, 4x4, africa, desierto, islam, mali, mezquitas, niger, pescados, rio niger, transbordador tombuctú, viajes, áfrica, desierto, islam, mali, mezquita, niger, rio niger, tombuctú, tuaregs, viajes, africa, desierto, islam, mali, mezquitas, niger, rio niger, tombuctú, viajes))
(UV,List(aids, art education, ghana, hiv, hiv/aids, hiv prevention, lotos collective, malina de carlo, roberto sanchez-camus, youth visions, aids, art education, ghana, hiv, hiv/aids, hiv prevention, lotos collective, malina de carlo, roberto sanchez-camus, youth visions, africa, ghana, idds, night, dhf, ghana, gspd, aids, art education, ghana, hiv, hiv/aids, hiv prevention, lotos collective, malina de carlo, roberto sanchez-camus, youth visions, africa, bedroom, bolga, ghana, hazwan, africa, ghana, aids, art education, ghana, hiv, hiv/aids, hiv prevention, lotos collective, malina de carlo, roberto sanchez-camus, youth visions, burkinafaso, electricity, informal, mfp, moulin, burkinafaso, electricity, informal, mfp, moulin, burkinafaso, electricity, informal, mfp, moulin, burkinafaso, electricity, informal, mfp, moulin, burkinafaso, electricity, informal, mfp, moulin, afrika, burkina faso, entwicklungshilfe, patenschaft, afrika, burkina faso, entwicklungshilfe, patenschaft, adaptation, agriculture, burkina faso, ccafs, cgiar, cgiarclimate, community, demi-lune, desert, drought, drylands, education, farmer, farmers organisations, gourcy, innovation, participation, sahel, west africa, zai, zodoma, 12scatti, burkina faso, 2007, africa, afrika, afrique, afrique de l'ouest, burkina, burkina faso, dori, faso, img_8641.jpg, travel, west africa, westafrika, adobe, africa, afrique, banco, bani, burkina, burkina_faso, faso, fulani, guillaume_colin, mudbrick, peul, sahel, afrique, blanc, burkinafaso, bw, et, noir, ouagadougou, 2007, africa, afrika, afrique, afrique de l'ouest, burkina, burkina faso, dori, faso, img_8643.jpg, travel, west africa, westafrika, yosemite, adobe, africa, afrique, banco, bani, burkina, burkina_faso, faso, guillaume_colin, mosquée, yosemite, afrique, blanc, burkinafaso, bw, et, noir, ouagadougou, 2007, africa, afrika, afrique, afrique de l'ouest, beggar, burkina, burkina faso, dori, faso, fulani, travel, west africa, westafrika, 2007, africa, afrika, afrique, afrique de l'ouest, burkina, burkina faso, dori, faso, img_8649.jpg, travel, west africa, westafrika, 2007, africa, afrika, afrique, afrique de l'ouest, burkina, burkina faso, dori, faso, img_8602.jpg, travel, west africa, westafrika, burkina-faso, gorom-gorom, burkina-faso, gorom-gorom, burkina-faso, oursi, burkina-faso, oursi, burkina-faso, oursi, burkina-faso, oursi, burkina-faso, gorom-gorom, burkina-faso, gorom-gorom, burkina-faso, oursi))
(AG,List(الجزائر, الطوارق, الهقار, تمنراست, ثقافة أمازيغية, alger, algeria, amazigh culture, hoggar, la culture amazighe, tamanrasset, touareg, الجزائر, الطوارق, الهقار, تمنراست, ثقافة أمازيغية, alger, algeria, amazigh culture, hoggar, la culture amazighe, tamanrasset, الجزائر, الطوارق, الهقار, تمنراست, ثقافة أمازيغية, alger, algeria, amazigh culture, hoggar))
(BN,List(africa, ghana, idds, navrongo, africa, ghana, idds, rice, single mothers, ghana, lab, ghana, lab, ghana, lab, ghana, lab, ghana, lab))

============================================================
Question 5 - First 10 (Country, Map[Tag -> Frequency]) pairs
============================================================
(ML,Map(sand -> 1, canary wharf -> 4, dune -> 1, mezquitas -> 9, tuaregs -> 1, gao -> 2, nomad -> 1, transbordador tombuctú -> 1, river -> 1, yosemite -> 9, rio niger -> 10, man -> 1, boat -> 1, mali -> 15, pasadena roof orchestra -> 4, mezquita -> 1, africa -> 9, twilight delights -> 4, viajes -> 10, jiving lindy hoppers -> 4, 4x4 -> 1, tombuctú -> 6, áfrica -> 1, desierto -> 10, mercado tombuctú -> 1, niger -> 11, tuaregs tombuctú -> 2, islam -> 10, canada square park -> 4, pescados -> 1, tuareg -> 1, sahara -> 2))
(UV,Map(burkina_faso -> 2, patenschaft -> 2, img_8602.jpg -> 1, community -> 1, zai -> 1, drylands -> 1, westafrika -> 5, burkina-faso -> 9, aids -> 4, bani -> 2, img_8643.jpg -> 1, hiv prevention -> 4, moulin -> 5, dori -> 5, mfp -> 5, desert -> 1, entwicklungshilfe -> 2, noir -> 2, 2007 -> 5, oursi -> 5, 12scatti -> 1, bw -> 2, gspd -> 1, beggar -> 1, farmers organisations -> 1, peul -> 1, bedroom -> 1, mosquée -> 1, burkina faso -> 9, hazwan -> 1, adobe -> 2, night -> 1, malina de carlo -> 4, zodoma -> 1, yosemite -> 2, burkinafaso -> 7, afrique -> 9, ghana -> 8, burkina -> 7, et -> 2, west africa -> 6, mudbrick -> 1, demi-lune -> 1, img_8649.jpg -> 1, participation -> 1, agriculture -> 1, travel -> 5, banco -> 2, africa -> 10, ouagadougou -> 2, blanc -> 2, education -> 1, lotos collective -> 4, cgiarclimate -> 1, faso -> 7, roberto sanchez-camus -> 4, idds -> 1, innovation -> 1, adaptation -> 1, drought -> 1, sahel -> 2, ccafs -> 1, bolga -> 1, cgiar -> 1, informal -> 5, farmer -> 1, gourcy -> 1, hiv/aids -> 4, dhf -> 1, youth visions -> 4, art education -> 4, img_8641.jpg -> 1, gorom-gorom -> 4, afrika -> 7, electricity -> 5, guillaume_colin -> 2, afrique de l'ouest -> 5, hiv -> 4, fulani -> 2))
(AG,Map(الطوارق -> 3, ثقافة أمازيغية -> 3, tamanrasset -> 2, تمنراست -> 3, الهقار -> 3, algeria -> 3, touareg -> 1, alger -> 3, hoggar -> 3, la culture amazighe -> 2, الجزائر -> 3, amazigh culture -> 3))
(BN,Map(lab -> 5, ghana -> 7, rice -> 1, single mothers -> 1, africa -> 2, idds -> 2, navrongo -> 1))
[success] Total time: 8 s, completed Mar 25, 2026, 9:53:45 PM
